{"ip":"127.0.0.1","level":"info","message":"Test request","method":"GET","service":"cybersecurity-api","timestamp":"2025-11-28 09:05:58","url":"/api/users","userId":"123"}
{"ip":"192.168.1.1","level":"info","message":"HTTP Request","method":"POST","service":"cybersecurity-api","timestamp":"2025-11-28 09:05:58","url":"/api/auth/login"}
{"action":"login","level":"error","message":"Test error","service":"cybersecurity-api","stack":"Error: Test error\n    at Object.<anonymous> (/home/anan/Desktop/CyberSecurity-Project/backend/src/tests/utils/logger.test.js:69:21)\n    at Promise.then.completed (/home/anan/Desktop/CyberSecurity-Project/backend/node_modules/jest-circus/build/utils.js:298:28)\n    at new Promise (<anonymous>)\n    at callAsyncCircusFn (/home/anan/Desktop/CyberSecurity-Project/backend/node_modules/jest-circus/build/utils.js:231:10)\n    at _callCircusTest (/home/anan/Desktop/CyberSecurity-Project/backend/node_modules/jest-circus/build/run.js:316:40)\n    at processTicksAndRejections (node:internal/process/task_queues:103:5)\n    at _runTest (/home/anan/Desktop/CyberSecurity-Project/backend/node_modules/jest-circus/build/run.js:252:3)\n    at _runTestsForDescribeBlock (/home/anan/Desktop/CyberSecurity-Project/backend/node_modules/jest-circus/build/run.js:126:9)\n    at _runTestsForDescribeBlock (/home/anan/Desktop/CyberSecurity-Project/backend/node_modules/jest-circus/build/run.js:121:9)\n    at _runTestsForDescribeBlock (/home/anan/Desktop/CyberSecurity-Project/backend/node_modules/jest-circus/build/run.js:121:9)\n    at run (/home/anan/Desktop/CyberSecurity-Project/backend/node_modules/jest-circus/build/run.js:71:3)\n    at runAndTransformResultsToJestFormat (/home/anan/Desktop/CyberSecurity-Project/backend/node_modules/jest-circus/build/legacy-code-todo-rewrite/jestAdapterInit.js:122:21)\n    at jestAdapter (/home/anan/Desktop/CyberSecurity-Project/backend/node_modules/jest-circus/build/legacy-code-todo-rewrite/jestAdapter.js:79:19)\n    at runTestInternal (/home/anan/Desktop/CyberSecurity-Project/backend/node_modules/jest-runner/build/runTest.js:367:16)\n    at runTest (/home/anan/Desktop/CyberSecurity-Project/backend/node_modules/jest-runner/build/runTest.js:444:34)\n    at Object.worker (/home/anan/Desktop/CyberSecurity-Project/backend/node_modules/jest-runner/build/testWorker.js:106:12)","timestamp":"2025-11-28 09:05:58","userId":"123"}
{"level":"error","message":"Simple error","service":"cybersecurity-api","stack":"Error: Simple error\n    at Object.<anonymous> (/home/anan/Desktop/CyberSecurity-Project/backend/src/tests/utils/logger.test.js:78:21)\n    at Promise.then.completed (/home/anan/Desktop/CyberSecurity-Project/backend/node_modules/jest-circus/build/utils.js:298:28)\n    at new Promise (<anonymous>)\n    at callAsyncCircusFn (/home/anan/Desktop/CyberSecurity-Project/backend/node_modules/jest-circus/build/utils.js:231:10)\n    at _callCircusTest (/home/anan/Desktop/CyberSecurity-Project/backend/node_modules/jest-circus/build/run.js:316:40)\n    at processTicksAndRejections (node:internal/process/task_queues:103:5)\n    at _runTest (/home/anan/Desktop/CyberSecurity-Project/backend/node_modules/jest-circus/build/run.js:252:3)\n    at _runTestsForDescribeBlock (/home/anan/Desktop/CyberSecurity-Project/backend/node_modules/jest-circus/build/run.js:126:9)\n    at _runTestsForDescribeBlock (/home/anan/Desktop/CyberSecurity-Project/backend/node_modules/jest-circus/build/run.js:121:9)\n    at _runTestsForDescribeBlock (/home/anan/Desktop/CyberSecurity-Project/backend/node_modules/jest-circus/build/run.js:121:9)\n    at run (/home/anan/Desktop/CyberSecurity-Project/backend/node_modules/jest-circus/build/run.js:71:3)\n    at runAndTransformResultsToJestFormat (/home/anan/Desktop/CyberSecurity-Project/backend/node_modules/jest-circus/build/legacy-code-todo-rewrite/jestAdapterInit.js:122:21)\n    at jestAdapter (/home/anan/Desktop/CyberSecurity-Project/backend/node_modules/jest-circus/build/legacy-code-todo-rewrite/jestAdapter.js:79:19)\n    at runTestInternal (/home/anan/Desktop/CyberSecurity-Project/backend/node_modules/jest-runner/build/runTest.js:367:16)\n    at runTest (/home/anan/Desktop/CyberSecurity-Project/backend/node_modules/jest-runner/build/runTest.js:444:34)\n    at Object.worker (/home/anan/Desktop/CyberSecurity-Project/backend/node_modules/jest-runner/build/testWorker.js:106:12)","timestamp":"2025-11-28 09:05:58"}
{"attempts":3,"event":"FAILED_LOGIN","ip":"192.168.1.1","level":"warn","message":"Security Event","service":"cybersecurity-api","timestamp":"2025-11-28T08:05:58.499Z","username":"testuser"}
{"event":"SUSPICIOUS_ACTIVITY","level":"warn","message":"Security Event","service":"cybersecurity-api","timestamp":"2025-11-28T08:05:58.500Z"}
{"level":"info","message":"HTTP Request log","service":"cybersecurity-api","timestamp":"2025-11-28 09:05:58"}
{"level":"info","message":"Test message","service":"cybersecurity-api","timestamp":"2025-11-28 09:05:58"}
{"level":"info","message":"Test info message","service":"cybersecurity-api","timestamp":"2025-11-28 09:05:58"}
{"level":"error","message":"Test error message","service":"cybersecurity-api","timestamp":"2025-11-28 09:05:58"}
{"level":"warn","message":"Test warning message","service":"cybersecurity-api","timestamp":"2025-11-28 09:05:58"}
{"ip":"127.0.0.1","level":"info","message":"Test request","method":"GET","service":"cybersecurity-api","timestamp":"2025-11-29 10:09:37","url":"/api/users","userId":"123"}
{"ip":"192.168.1.1","level":"info","message":"HTTP Request","method":"POST","service":"cybersecurity-api","timestamp":"2025-11-29 10:09:37","url":"/api/auth/login"}
{"action":"login","level":"error","message":"Test error","service":"cybersecurity-api","stack":"Error: Test error\n    at Object.<anonymous> (/home/anan/Desktop/CyberSecurity-Project/backend/src/tests/utils/logger.test.js:69:21)\n    at Promise.then.completed (/home/anan/Desktop/CyberSecurity-Project/backend/node_modules/jest-circus/build/utils.js:298:28)\n    at new Promise (<anonymous>)\n    at callAsyncCircusFn (/home/anan/Desktop/CyberSecurity-Project/backend/node_modules/jest-circus/build/utils.js:231:10)\n    at _callCircusTest (/home/anan/Desktop/CyberSecurity-Project/backend/node_modules/jest-circus/build/run.js:316:40)\n    at processTicksAndRejections (node:internal/process/task_queues:103:5)\n    at _runTest (/home/anan/Desktop/CyberSecurity-Project/backend/node_modules/jest-circus/build/run.js:252:3)\n    at _runTestsForDescribeBlock (/home/anan/Desktop/CyberSecurity-Project/backend/node_modules/jest-circus/build/run.js:126:9)\n    at _runTestsForDescribeBlock (/home/anan/Desktop/CyberSecurity-Project/backend/node_modules/jest-circus/build/run.js:121:9)\n    at _runTestsForDescribeBlock (/home/anan/Desktop/CyberSecurity-Project/backend/node_modules/jest-circus/build/run.js:121:9)\n    at run (/home/anan/Desktop/CyberSecurity-Project/backend/node_modules/jest-circus/build/run.js:71:3)\n    at runAndTransformResultsToJestFormat (/home/anan/Desktop/CyberSecurity-Project/backend/node_modules/jest-circus/build/legacy-code-todo-rewrite/jestAdapterInit.js:122:21)\n    at jestAdapter (/home/anan/Desktop/CyberSecurity-Project/backend/node_modules/jest-circus/build/legacy-code-todo-rewrite/jestAdapter.js:79:19)\n    at runTestInternal (/home/anan/Desktop/CyberSecurity-Project/backend/node_modules/jest-runner/build/runTest.js:367:16)\n    at runTest (/home/anan/Desktop/CyberSecurity-Project/backend/node_modules/jest-runner/build/runTest.js:444:34)\n    at Object.worker (/home/anan/Desktop/CyberSecurity-Project/backend/node_modules/jest-runner/build/testWorker.js:106:12)","timestamp":"2025-11-29 10:09:37","userId":"123"}
{"level":"error","message":"Simple error","service":"cybersecurity-api","stack":"Error: Simple error\n    at Object.<anonymous> (/home/anan/Desktop/CyberSecurity-Project/backend/src/tests/utils/logger.test.js:78:21)\n    at Promise.then.completed (/home/anan/Desktop/CyberSecurity-Project/backend/node_modules/jest-circus/build/utils.js:298:28)\n    at new Promise (<anonymous>)\n    at callAsyncCircusFn (/home/anan/Desktop/CyberSecurity-Project/backend/node_modules/jest-circus/build/utils.js:231:10)\n    at _callCircusTest (/home/anan/Desktop/CyberSecurity-Project/backend/node_modules/jest-circus/build/run.js:316:40)\n    at processTicksAndRejections (node:internal/process/task_queues:103:5)\n    at _runTest (/home/anan/Desktop/CyberSecurity-Project/backend/node_modules/jest-circus/build/run.js:252:3)\n    at _runTestsForDescribeBlock (/home/anan/Desktop/CyberSecurity-Project/backend/node_modules/jest-circus/build/run.js:126:9)\n    at _runTestsForDescribeBlock (/home/anan/Desktop/CyberSecurity-Project/backend/node_modules/jest-circus/build/run.js:121:9)\n    at _runTestsForDescribeBlock (/home/anan/Desktop/CyberSecurity-Project/backend/node_modules/jest-circus/build/run.js:121:9)\n    at run (/home/anan/Desktop/CyberSecurity-Project/backend/node_modules/jest-circus/build/run.js:71:3)\n    at runAndTransformResultsToJestFormat (/home/anan/Desktop/CyberSecurity-Project/backend/node_modules/jest-circus/build/legacy-code-todo-rewrite/jestAdapterInit.js:122:21)\n    at jestAdapter (/home/anan/Desktop/CyberSecurity-Project/backend/node_modules/jest-circus/build/legacy-code-todo-rewrite/jestAdapter.js:79:19)\n    at runTestInternal (/home/anan/Desktop/CyberSecurity-Project/backend/node_modules/jest-runner/build/runTest.js:367:16)\n    at runTest (/home/anan/Desktop/CyberSecurity-Project/backend/node_modules/jest-runner/build/runTest.js:444:34)\n    at Object.worker (/home/anan/Desktop/CyberSecurity-Project/backend/node_modules/jest-runner/build/testWorker.js:106:12)","timestamp":"2025-11-29 10:09:37"}
{"attempts":3,"event":"FAILED_LOGIN","ip":"192.168.1.1","level":"warn","message":"Security Event","service":"cybersecurity-api","timestamp":"2025-11-29T09:09:37.550Z","username":"testuser"}
{"event":"SUSPICIOUS_ACTIVITY","level":"warn","message":"Security Event","service":"cybersecurity-api","timestamp":"2025-11-29T09:09:37.551Z"}
{"level":"info","message":"HTTP Request log","service":"cybersecurity-api","timestamp":"2025-11-29 10:09:37"}
{"level":"info","message":"Test message","service":"cybersecurity-api","timestamp":"2025-11-29 10:09:37"}
{"level":"info","message":"Test info message","service":"cybersecurity-api","timestamp":"2025-11-29 10:09:37"}
{"level":"error","message":"Test error message","service":"cybersecurity-api","timestamp":"2025-11-29 10:09:37"}
{"level":"warn","message":"Test warning message","service":"cybersecurity-api","timestamp":"2025-11-29 10:09:37"}
{"ip":"127.0.0.1","level":"info","message":"Test request","method":"GET","service":"cybersecurity-api","timestamp":"2025-11-29 10:58:21","url":"/api/users","userId":"123"}
{"ip":"192.168.1.1","level":"info","message":"HTTP Request","method":"POST","service":"cybersecurity-api","timestamp":"2025-11-29 10:58:21","url":"/api/auth/login"}
{"action":"login","level":"error","message":"Test error","service":"cybersecurity-api","stack":"Error: Test error\n    at Object.<anonymous> (/home/anan/Desktop/CyberSecurity-Project/backend/src/tests/utils/logger.test.js:69:21)\n    at Promise.then.completed (/home/anan/Desktop/CyberSecurity-Project/backend/node_modules/jest-circus/build/utils.js:298:28)\n    at new Promise (<anonymous>)\n    at callAsyncCircusFn (/home/anan/Desktop/CyberSecurity-Project/backend/node_modules/jest-circus/build/utils.js:231:10)\n    at _callCircusTest (/home/anan/Desktop/CyberSecurity-Project/backend/node_modules/jest-circus/build/run.js:316:40)\n    at processTicksAndRejections (node:internal/process/task_queues:103:5)\n    at _runTest (/home/anan/Desktop/CyberSecurity-Project/backend/node_modules/jest-circus/build/run.js:252:3)\n    at _runTestsForDescribeBlock (/home/anan/Desktop/CyberSecurity-Project/backend/node_modules/jest-circus/build/run.js:126:9)\n    at _runTestsForDescribeBlock (/home/anan/Desktop/CyberSecurity-Project/backend/node_modules/jest-circus/build/run.js:121:9)\n    at _runTestsForDescribeBlock (/home/anan/Desktop/CyberSecurity-Project/backend/node_modules/jest-circus/build/run.js:121:9)\n    at run (/home/anan/Desktop/CyberSecurity-Project/backend/node_modules/jest-circus/build/run.js:71:3)\n    at runAndTransformResultsToJestFormat (/home/anan/Desktop/CyberSecurity-Project/backend/node_modules/jest-circus/build/legacy-code-todo-rewrite/jestAdapterInit.js:122:21)\n    at jestAdapter (/home/anan/Desktop/CyberSecurity-Project/backend/node_modules/jest-circus/build/legacy-code-todo-rewrite/jestAdapter.js:79:19)\n    at runTestInternal (/home/anan/Desktop/CyberSecurity-Project/backend/node_modules/jest-runner/build/runTest.js:367:16)\n    at runTest (/home/anan/Desktop/CyberSecurity-Project/backend/node_modules/jest-runner/build/runTest.js:444:34)\n    at Object.worker (/home/anan/Desktop/CyberSecurity-Project/backend/node_modules/jest-runner/build/testWorker.js:106:12)","timestamp":"2025-11-29 10:58:21","userId":"123"}
{"level":"error","message":"Simple error","service":"cybersecurity-api","stack":"Error: Simple error\n    at Object.<anonymous> (/home/anan/Desktop/CyberSecurity-Project/backend/src/tests/utils/logger.test.js:78:21)\n    at Promise.then.completed (/home/anan/Desktop/CyberSecurity-Project/backend/node_modules/jest-circus/build/utils.js:298:28)\n    at new Promise (<anonymous>)\n    at callAsyncCircusFn (/home/anan/Desktop/CyberSecurity-Project/backend/node_modules/jest-circus/build/utils.js:231:10)\n    at _callCircusTest (/home/anan/Desktop/CyberSecurity-Project/backend/node_modules/jest-circus/build/run.js:316:40)\n    at processTicksAndRejections (node:internal/process/task_queues:103:5)\n    at _runTest (/home/anan/Desktop/CyberSecurity-Project/backend/node_modules/jest-circus/build/run.js:252:3)\n    at _runTestsForDescribeBlock (/home/anan/Desktop/CyberSecurity-Project/backend/node_modules/jest-circus/build/run.js:126:9)\n    at _runTestsForDescribeBlock (/home/anan/Desktop/CyberSecurity-Project/backend/node_modules/jest-circus/build/run.js:121:9)\n    at _runTestsForDescribeBlock (/home/anan/Desktop/CyberSecurity-Project/backend/node_modules/jest-circus/build/run.js:121:9)\n    at run (/home/anan/Desktop/CyberSecurity-Project/backend/node_modules/jest-circus/build/run.js:71:3)\n    at runAndTransformResultsToJestFormat (/home/anan/Desktop/CyberSecurity-Project/backend/node_modules/jest-circus/build/legacy-code-todo-rewrite/jestAdapterInit.js:122:21)\n    at jestAdapter (/home/anan/Desktop/CyberSecurity-Project/backend/node_modules/jest-circus/build/legacy-code-todo-rewrite/jestAdapter.js:79:19)\n    at runTestInternal (/home/anan/Desktop/CyberSecurity-Project/backend/node_modules/jest-runner/build/runTest.js:367:16)\n    at runTest (/home/anan/Desktop/CyberSecurity-Project/backend/node_modules/jest-runner/build/runTest.js:444:34)\n    at Object.worker (/home/anan/Desktop/CyberSecurity-Project/backend/node_modules/jest-runner/build/testWorker.js:106:12)","timestamp":"2025-11-29 10:58:21"}
{"attempts":3,"event":"FAILED_LOGIN","ip":"192.168.1.1","level":"warn","message":"Security Event","service":"cybersecurity-api","timestamp":"2025-11-29T09:58:21.321Z","username":"testuser"}
{"event":"SUSPICIOUS_ACTIVITY","level":"warn","message":"Security Event","service":"cybersecurity-api","timestamp":"2025-11-29T09:58:21.322Z"}
{"level":"info","message":"HTTP Request log","service":"cybersecurity-api","timestamp":"2025-11-29 10:58:21"}
{"level":"info","message":"Test message","service":"cybersecurity-api","timestamp":"2025-11-29 10:58:21"}
{"level":"info","message":"Test info message","service":"cybersecurity-api","timestamp":"2025-11-29 10:58:21"}
{"level":"error","message":"Test error message","service":"cybersecurity-api","timestamp":"2025-11-29 10:58:21"}
{"level":"warn","message":"Test warning message","service":"cybersecurity-api","timestamp":"2025-11-29 10:58:21"}
{"ip":"127.0.0.1","level":"info","message":"Test request","method":"GET","service":"cybersecurity-api","timestamp":"2025-11-29 11:02:40","url":"/api/users","userId":"123"}
{"ip":"192.168.1.1","level":"info","message":"HTTP Request","method":"POST","service":"cybersecurity-api","timestamp":"2025-11-29 11:02:40","url":"/api/auth/login"}
{"action":"login","level":"error","message":"Test error","service":"cybersecurity-api","stack":"Error: Test error\n    at Object.<anonymous> (/home/anan/Desktop/CyberSecurity-Project/backend/src/tests/utils/logger.test.js:69:21)\n    at Promise.then.completed (/home/anan/Desktop/CyberSecurity-Project/backend/node_modules/jest-circus/build/utils.js:298:28)\n    at new Promise (<anonymous>)\n    at callAsyncCircusFn (/home/anan/Desktop/CyberSecurity-Project/backend/node_modules/jest-circus/build/utils.js:231:10)\n    at _callCircusTest (/home/anan/Desktop/CyberSecurity-Project/backend/node_modules/jest-circus/build/run.js:316:40)\n    at _runTest (/home/anan/Desktop/CyberSecurity-Project/backend/node_modules/jest-circus/build/run.js:252:3)\n    at _runTestsForDescribeBlock (/home/anan/Desktop/CyberSecurity-Project/backend/node_modules/jest-circus/build/run.js:126:9)\n    at _runTestsForDescribeBlock (/home/anan/Desktop/CyberSecurity-Project/backend/node_modules/jest-circus/build/run.js:121:9)\n    at _runTestsForDescribeBlock (/home/anan/Desktop/CyberSecurity-Project/backend/node_modules/jest-circus/build/run.js:121:9)\n    at run (/home/anan/Desktop/CyberSecurity-Project/backend/node_modules/jest-circus/build/run.js:71:3)\n    at runAndTransformResultsToJestFormat (/home/anan/Desktop/CyberSecurity-Project/backend/node_modules/jest-circus/build/legacy-code-todo-rewrite/jestAdapterInit.js:122:21)\n    at jestAdapter (/home/anan/Desktop/CyberSecurity-Project/backend/node_modules/jest-circus/build/legacy-code-todo-rewrite/jestAdapter.js:79:19)\n    at runTestInternal (/home/anan/Desktop/CyberSecurity-Project/backend/node_modules/jest-runner/build/runTest.js:367:16)\n    at runTest (/home/anan/Desktop/CyberSecurity-Project/backend/node_modules/jest-runner/build/runTest.js:444:34)","timestamp":"2025-11-29 11:02:40","userId":"123"}
{"level":"error","message":"Simple error","service":"cybersecurity-api","stack":"Error: Simple error\n    at Object.<anonymous> (/home/anan/Desktop/CyberSecurity-Project/backend/src/tests/utils/logger.test.js:78:21)\n    at Promise.then.completed (/home/anan/Desktop/CyberSecurity-Project/backend/node_modules/jest-circus/build/utils.js:298:28)\n    at new Promise (<anonymous>)\n    at callAsyncCircusFn (/home/anan/Desktop/CyberSecurity-Project/backend/node_modules/jest-circus/build/utils.js:231:10)\n    at _callCircusTest (/home/anan/Desktop/CyberSecurity-Project/backend/node_modules/jest-circus/build/run.js:316:40)\n    at _runTest (/home/anan/Desktop/CyberSecurity-Project/backend/node_modules/jest-circus/build/run.js:252:3)\n    at _runTestsForDescribeBlock (/home/anan/Desktop/CyberSecurity-Project/backend/node_modules/jest-circus/build/run.js:126:9)\n    at _runTestsForDescribeBlock (/home/anan/Desktop/CyberSecurity-Project/backend/node_modules/jest-circus/build/run.js:121:9)\n    at _runTestsForDescribeBlock (/home/anan/Desktop/CyberSecurity-Project/backend/node_modules/jest-circus/build/run.js:121:9)\n    at run (/home/anan/Desktop/CyberSecurity-Project/backend/node_modules/jest-circus/build/run.js:71:3)\n    at runAndTransformResultsToJestFormat (/home/anan/Desktop/CyberSecurity-Project/backend/node_modules/jest-circus/build/legacy-code-todo-rewrite/jestAdapterInit.js:122:21)\n    at jestAdapter (/home/anan/Desktop/CyberSecurity-Project/backend/node_modules/jest-circus/build/legacy-code-todo-rewrite/jestAdapter.js:79:19)\n    at runTestInternal (/home/anan/Desktop/CyberSecurity-Project/backend/node_modules/jest-runner/build/runTest.js:367:16)\n    at runTest (/home/anan/Desktop/CyberSecurity-Project/backend/node_modules/jest-runner/build/runTest.js:444:34)","timestamp":"2025-11-29 11:02:40"}
{"attempts":3,"event":"FAILED_LOGIN","ip":"192.168.1.1","level":"warn","message":"Security Event","service":"cybersecurity-api","timestamp":"2025-11-29T10:02:40.805Z","username":"testuser"}
{"event":"SUSPICIOUS_ACTIVITY","level":"warn","message":"Security Event","service":"cybersecurity-api","timestamp":"2025-11-29T10:02:40.807Z"}
{"level":"info","message":"HTTP Request log","service":"cybersecurity-api","timestamp":"2025-11-29 11:02:40"}
{"level":"info","message":"Test message","service":"cybersecurity-api","timestamp":"2025-11-29 11:02:40"}
{"level":"info","message":"Test info message","service":"cybersecurity-api","timestamp":"2025-11-29 11:02:40"}
{"level":"error","message":"Test error message","service":"cybersecurity-api","timestamp":"2025-11-29 11:02:40"}
{"level":"warn","message":"Test warning message","service":"cybersecurity-api","timestamp":"2025-11-29 11:02:40"}
{"ip":"127.0.0.1","level":"info","message":"Test request","method":"GET","service":"cybersecurity-api","timestamp":"2025-11-29 14:02:42","url":"/api/users","userId":"123"}
{"ip":"192.168.1.1","level":"info","message":"HTTP Request","method":"POST","service":"cybersecurity-api","timestamp":"2025-11-29 14:02:42","url":"/api/auth/login"}
{"action":"login","level":"error","message":"Test error","service":"cybersecurity-api","stack":"Error: Test error\n    at Object.<anonymous> (C:\\Users\\essra\\Downloads\\CyberSecurity-Project-main\\CyberSecurity-Project-main\\backend\\src\\tests\\utils\\logger.test.js:69:21)\n    at Promise.then.completed (C:\\Users\\essra\\Downloads\\CyberSecurity-Project-main\\CyberSecurity-Project-main\\backend\\node_modules\\jest-circus\\build\\utils.js:298:28)\n    at new Promise (<anonymous>)\n    at callAsyncCircusFn (C:\\Users\\essra\\Downloads\\CyberSecurity-Project-main\\CyberSecurity-Project-main\\backend\\node_modules\\jest-circus\\build\\utils.js:231:10)\n    at _callCircusTest (C:\\Users\\essra\\Downloads\\CyberSecurity-Project-main\\CyberSecurity-Project-main\\backend\\node_modules\\jest-circus\\build\\run.js:316:40)\n    at processTicksAndRejections (node:internal/process/task_queues:95:5)\n    at _runTest (C:\\Users\\essra\\Downloads\\CyberSecurity-Project-main\\CyberSecurity-Project-main\\backend\\node_modules\\jest-circus\\build\\run.js:252:3)\n    at _runTestsForDescribeBlock (C:\\Users\\essra\\Downloads\\CyberSecurity-Project-main\\CyberSecurity-Project-main\\backend\\node_modules\\jest-circus\\build\\run.js:126:9)\n    at _runTestsForDescribeBlock (C:\\Users\\essra\\Downloads\\CyberSecurity-Project-main\\CyberSecurity-Project-main\\backend\\node_modules\\jest-circus\\build\\run.js:121:9)\n    at _runTestsForDescribeBlock (C:\\Users\\essra\\Downloads\\CyberSecurity-Project-main\\CyberSecurity-Project-main\\backend\\node_modules\\jest-circus\\build\\run.js:121:9)\n    at run (C:\\Users\\essra\\Downloads\\CyberSecurity-Project-main\\CyberSecurity-Project-main\\backend\\node_modules\\jest-circus\\build\\run.js:71:3)\n    at runAndTransformResultsToJestFormat (C:\\Users\\essra\\Downloads\\CyberSecurity-Project-main\\CyberSecurity-Project-main\\backend\\node_modules\\jest-circus\\build\\legacy-code-todo-rewrite\\jestAdapterInit.js:122:21)\n    at jestAdapter (C:\\Users\\essra\\Downloads\\CyberSecurity-Project-main\\CyberSecurity-Project-main\\backend\\node_modules\\jest-circus\\build\\legacy-code-todo-rewrite\\jestAdapter.js:79:19)\n    at runTestInternal (C:\\Users\\essra\\Downloads\\CyberSecurity-Project-main\\CyberSecurity-Project-main\\backend\\node_modules\\jest-runner\\build\\runTest.js:367:16)\n    at runTest (C:\\Users\\essra\\Downloads\\CyberSecurity-Project-main\\CyberSecurity-Project-main\\backend\\node_modules\\jest-runner\\build\\runTest.js:444:34)\n    at Object.worker (C:\\Users\\essra\\Downloads\\CyberSecurity-Project-main\\CyberSecurity-Project-main\\backend\\node_modules\\jest-runner\\build\\testWorker.js:106:12)","timestamp":"2025-11-29 14:02:42","userId":"123"}
{"level":"error","message":"Simple error","service":"cybersecurity-api","stack":"Error: Simple error\n    at Object.<anonymous> (C:\\Users\\essra\\Downloads\\CyberSecurity-Project-main\\CyberSecurity-Project-main\\backend\\src\\tests\\utils\\logger.test.js:78:21)\n    at Promise.then.completed (C:\\Users\\essra\\Downloads\\CyberSecurity-Project-main\\CyberSecurity-Project-main\\backend\\node_modules\\jest-circus\\build\\utils.js:298:28)\n    at new Promise (<anonymous>)\n    at callAsyncCircusFn (C:\\Users\\essra\\Downloads\\CyberSecurity-Project-main\\CyberSecurity-Project-main\\backend\\node_modules\\jest-circus\\build\\utils.js:231:10)\n    at _callCircusTest (C:\\Users\\essra\\Downloads\\CyberSecurity-Project-main\\CyberSecurity-Project-main\\backend\\node_modules\\jest-circus\\build\\run.js:316:40)\n    at processTicksAndRejections (node:internal/process/task_queues:95:5)\n    at _runTest (C:\\Users\\essra\\Downloads\\CyberSecurity-Project-main\\CyberSecurity-Project-main\\backend\\node_modules\\jest-circus\\build\\run.js:252:3)\n    at _runTestsForDescribeBlock (C:\\Users\\essra\\Downloads\\CyberSecurity-Project-main\\CyberSecurity-Project-main\\backend\\node_modules\\jest-circus\\build\\run.js:126:9)\n    at _runTestsForDescribeBlock (C:\\Users\\essra\\Downloads\\CyberSecurity-Project-main\\CyberSecurity-Project-main\\backend\\node_modules\\jest-circus\\build\\run.js:121:9)\n    at _runTestsForDescribeBlock (C:\\Users\\essra\\Downloads\\CyberSecurity-Project-main\\CyberSecurity-Project-main\\backend\\node_modules\\jest-circus\\build\\run.js:121:9)\n    at run (C:\\Users\\essra\\Downloads\\CyberSecurity-Project-main\\CyberSecurity-Project-main\\backend\\node_modules\\jest-circus\\build\\run.js:71:3)\n    at runAndTransformResultsToJestFormat (C:\\Users\\essra\\Downloads\\CyberSecurity-Project-main\\CyberSecurity-Project-main\\backend\\node_modules\\jest-circus\\build\\legacy-code-todo-rewrite\\jestAdapterInit.js:122:21)\n    at jestAdapter (C:\\Users\\essra\\Downloads\\CyberSecurity-Project-main\\CyberSecurity-Project-main\\backend\\node_modules\\jest-circus\\build\\legacy-code-todo-rewrite\\jestAdapter.js:79:19)\n    at runTestInternal (C:\\Users\\essra\\Downloads\\CyberSecurity-Project-main\\CyberSecurity-Project-main\\backend\\node_modules\\jest-runner\\build\\runTest.js:367:16)\n    at runTest (C:\\Users\\essra\\Downloads\\CyberSecurity-Project-main\\CyberSecurity-Project-main\\backend\\node_modules\\jest-runner\\build\\runTest.js:444:34)\n    at Object.worker (C:\\Users\\essra\\Downloads\\CyberSecurity-Project-main\\CyberSecurity-Project-main\\backend\\node_modules\\jest-runner\\build\\testWorker.js:106:12)","timestamp":"2025-11-29 14:02:42"}
{"attempts":3,"event":"FAILED_LOGIN","ip":"192.168.1.1","level":"warn","message":"Security Event","service":"cybersecurity-api","timestamp":"2025-11-29T13:02:42.095Z","username":"testuser"}
{"event":"SUSPICIOUS_ACTIVITY","level":"warn","message":"Security Event","service":"cybersecurity-api","timestamp":"2025-11-29T13:02:42.096Z"}
{"level":"info","message":"HTTP Request log","service":"cybersecurity-api","timestamp":"2025-11-29 14:02:42"}
{"level":"info","message":"Test message","service":"cybersecurity-api","timestamp":"2025-11-29 14:02:42"}
{"level":"info","message":"Test info message","service":"cybersecurity-api","timestamp":"2025-11-29 14:02:42"}
{"level":"error","message":"Test error message","service":"cybersecurity-api","timestamp":"2025-11-29 14:02:42"}
{"level":"warn","message":"Test warning message","service":"cybersecurity-api","timestamp":"2025-11-29 14:02:42"}
{"ip":"127.0.0.1","level":"info","message":"Test request","method":"GET","service":"cybersecurity-api","timestamp":"2025-11-29 14:09:11","url":"/api/users","userId":"123"}
{"ip":"192.168.1.1","level":"info","message":"HTTP Request","method":"POST","service":"cybersecurity-api","timestamp":"2025-11-29 14:09:11","url":"/api/auth/login"}
{"action":"login","level":"error","message":"Test error","service":"cybersecurity-api","stack":"Error: Test error\n    at Object.<anonymous> (C:\\Users\\essra\\Downloads\\CyberSecurity-Project-main\\CyberSecurity-Project-main\\backend\\src\\tests\\utils\\logger.test.js:69:21)\n    at Promise.then.completed (C:\\Users\\essra\\Downloads\\CyberSecurity-Project-main\\CyberSecurity-Project-main\\backend\\node_modules\\jest-circus\\build\\utils.js:298:28)\n    at new Promise (<anonymous>)\n    at callAsyncCircusFn (C:\\Users\\essra\\Downloads\\CyberSecurity-Project-main\\CyberSecurity-Project-main\\backend\\node_modules\\jest-circus\\build\\utils.js:231:10)\n    at _callCircusTest (C:\\Users\\essra\\Downloads\\CyberSecurity-Project-main\\CyberSecurity-Project-main\\backend\\node_modules\\jest-circus\\build\\run.js:316:40)\n    at processTicksAndRejections (node:internal/process/task_queues:95:5)\n    at _runTest (C:\\Users\\essra\\Downloads\\CyberSecurity-Project-main\\CyberSecurity-Project-main\\backend\\node_modules\\jest-circus\\build\\run.js:252:3)\n    at _runTestsForDescribeBlock (C:\\Users\\essra\\Downloads\\CyberSecurity-Project-main\\CyberSecurity-Project-main\\backend\\node_modules\\jest-circus\\build\\run.js:126:9)\n    at _runTestsForDescribeBlock (C:\\Users\\essra\\Downloads\\CyberSecurity-Project-main\\CyberSecurity-Project-main\\backend\\node_modules\\jest-circus\\build\\run.js:121:9)\n    at _runTestsForDescribeBlock (C:\\Users\\essra\\Downloads\\CyberSecurity-Project-main\\CyberSecurity-Project-main\\backend\\node_modules\\jest-circus\\build\\run.js:121:9)\n    at run (C:\\Users\\essra\\Downloads\\CyberSecurity-Project-main\\CyberSecurity-Project-main\\backend\\node_modules\\jest-circus\\build\\run.js:71:3)\n    at runAndTransformResultsToJestFormat (C:\\Users\\essra\\Downloads\\CyberSecurity-Project-main\\CyberSecurity-Project-main\\backend\\node_modules\\jest-circus\\build\\legacy-code-todo-rewrite\\jestAdapterInit.js:122:21)\n    at jestAdapter (C:\\Users\\essra\\Downloads\\CyberSecurity-Project-main\\CyberSecurity-Project-main\\backend\\node_modules\\jest-circus\\build\\legacy-code-todo-rewrite\\jestAdapter.js:79:19)\n    at runTestInternal (C:\\Users\\essra\\Downloads\\CyberSecurity-Project-main\\CyberSecurity-Project-main\\backend\\node_modules\\jest-runner\\build\\runTest.js:367:16)\n    at runTest (C:\\Users\\essra\\Downloads\\CyberSecurity-Project-main\\CyberSecurity-Project-main\\backend\\node_modules\\jest-runner\\build\\runTest.js:444:34)\n    at Object.worker (C:\\Users\\essra\\Downloads\\CyberSecurity-Project-main\\CyberSecurity-Project-main\\backend\\node_modules\\jest-runner\\build\\testWorker.js:106:12)","timestamp":"2025-11-29 14:09:11","userId":"123"}
{"level":"error","message":"Simple error","service":"cybersecurity-api","stack":"Error: Simple error\n    at Object.<anonymous> (C:\\Users\\essra\\Downloads\\CyberSecurity-Project-main\\CyberSecurity-Project-main\\backend\\src\\tests\\utils\\logger.test.js:78:21)\n    at Promise.then.completed (C:\\Users\\essra\\Downloads\\CyberSecurity-Project-main\\CyberSecurity-Project-main\\backend\\node_modules\\jest-circus\\build\\utils.js:298:28)\n    at new Promise (<anonymous>)\n    at callAsyncCircusFn (C:\\Users\\essra\\Downloads\\CyberSecurity-Project-main\\CyberSecurity-Project-main\\backend\\node_modules\\jest-circus\\build\\utils.js:231:10)\n    at _callCircusTest (C:\\Users\\essra\\Downloads\\CyberSecurity-Project-main\\CyberSecurity-Project-main\\backend\\node_modules\\jest-circus\\build\\run.js:316:40)\n    at processTicksAndRejections (node:internal/process/task_queues:95:5)\n    at _runTest (C:\\Users\\essra\\Downloads\\CyberSecurity-Project-main\\CyberSecurity-Project-main\\backend\\node_modules\\jest-circus\\build\\run.js:252:3)\n    at _runTestsForDescribeBlock (C:\\Users\\essra\\Downloads\\CyberSecurity-Project-main\\CyberSecurity-Project-main\\backend\\node_modules\\jest-circus\\build\\run.js:126:9)\n    at _runTestsForDescribeBlock (C:\\Users\\essra\\Downloads\\CyberSecurity-Project-main\\CyberSecurity-Project-main\\backend\\node_modules\\jest-circus\\build\\run.js:121:9)\n    at _runTestsForDescribeBlock (C:\\Users\\essra\\Downloads\\CyberSecurity-Project-main\\CyberSecurity-Project-main\\backend\\node_modules\\jest-circus\\build\\run.js:121:9)\n    at run (C:\\Users\\essra\\Downloads\\CyberSecurity-Project-main\\CyberSecurity-Project-main\\backend\\node_modules\\jest-circus\\build\\run.js:71:3)\n    at runAndTransformResultsToJestFormat (C:\\Users\\essra\\Downloads\\CyberSecurity-Project-main\\CyberSecurity-Project-main\\backend\\node_modules\\jest-circus\\build\\legacy-code-todo-rewrite\\jestAdapterInit.js:122:21)\n    at jestAdapter (C:\\Users\\essra\\Downloads\\CyberSecurity-Project-main\\CyberSecurity-Project-main\\backend\\node_modules\\jest-circus\\build\\legacy-code-todo-rewrite\\jestAdapter.js:79:19)\n    at runTestInternal (C:\\Users\\essra\\Downloads\\CyberSecurity-Project-main\\CyberSecurity-Project-main\\backend\\node_modules\\jest-runner\\build\\runTest.js:367:16)\n    at runTest (C:\\Users\\essra\\Downloads\\CyberSecurity-Project-main\\CyberSecurity-Project-main\\backend\\node_modules\\jest-runner\\build\\runTest.js:444:34)\n    at Object.worker (C:\\Users\\essra\\Downloads\\CyberSecurity-Project-main\\CyberSecurity-Project-main\\backend\\node_modules\\jest-runner\\build\\testWorker.js:106:12)","timestamp":"2025-11-29 14:09:11"}
{"attempts":3,"event":"FAILED_LOGIN","ip":"192.168.1.1","level":"warn","message":"Security Event","service":"cybersecurity-api","timestamp":"2025-11-29T13:09:11.785Z","username":"testuser"}
{"event":"SUSPICIOUS_ACTIVITY","level":"warn","message":"Security Event","service":"cybersecurity-api","timestamp":"2025-11-29T13:09:11.787Z"}
{"level":"info","message":"HTTP Request log","service":"cybersecurity-api","timestamp":"2025-11-29 14:09:11"}
{"level":"info","message":"Test message","service":"cybersecurity-api","timestamp":"2025-11-29 14:09:11"}
{"level":"info","message":"Test info message","service":"cybersecurity-api","timestamp":"2025-11-29 14:09:11"}
{"level":"error","message":"Test error message","service":"cybersecurity-api","timestamp":"2025-11-29 14:09:11"}
{"level":"warn","message":"Test warning message","service":"cybersecurity-api","timestamp":"2025-11-29 14:09:11"}
{"ip":"127.0.0.1","level":"info","message":"Test request","method":"GET","service":"cybersecurity-api","timestamp":"2025-11-29 14:10:36","url":"/api/users","userId":"123"}
{"ip":"192.168.1.1","level":"info","message":"HTTP Request","method":"POST","service":"cybersecurity-api","timestamp":"2025-11-29 14:10:36","url":"/api/auth/login"}
{"action":"login","level":"error","message":"Test error","service":"cybersecurity-api","stack":"Error: Test error\n    at Object.<anonymous> (C:\\Users\\essra\\Downloads\\CyberSecurity-Project-main\\CyberSecurity-Project-main\\backend\\src\\tests\\utils\\logger.test.js:69:21)\n    at Promise.then.completed (C:\\Users\\essra\\Downloads\\CyberSecurity-Project-main\\CyberSecurity-Project-main\\backend\\node_modules\\jest-circus\\build\\utils.js:298:28)\n    at new Promise (<anonymous>)\n    at callAsyncCircusFn (C:\\Users\\essra\\Downloads\\CyberSecurity-Project-main\\CyberSecurity-Project-main\\backend\\node_modules\\jest-circus\\build\\utils.js:231:10)\n    at _callCircusTest (C:\\Users\\essra\\Downloads\\CyberSecurity-Project-main\\CyberSecurity-Project-main\\backend\\node_modules\\jest-circus\\build\\run.js:316:40)\n    at processTicksAndRejections (node:internal/process/task_queues:95:5)\n    at _runTest (C:\\Users\\essra\\Downloads\\CyberSecurity-Project-main\\CyberSecurity-Project-main\\backend\\node_modules\\jest-circus\\build\\run.js:252:3)\n    at _runTestsForDescribeBlock (C:\\Users\\essra\\Downloads\\CyberSecurity-Project-main\\CyberSecurity-Project-main\\backend\\node_modules\\jest-circus\\build\\run.js:126:9)\n    at _runTestsForDescribeBlock (C:\\Users\\essra\\Downloads\\CyberSecurity-Project-main\\CyberSecurity-Project-main\\backend\\node_modules\\jest-circus\\build\\run.js:121:9)\n    at _runTestsForDescribeBlock (C:\\Users\\essra\\Downloads\\CyberSecurity-Project-main\\CyberSecurity-Project-main\\backend\\node_modules\\jest-circus\\build\\run.js:121:9)\n    at run (C:\\Users\\essra\\Downloads\\CyberSecurity-Project-main\\CyberSecurity-Project-main\\backend\\node_modules\\jest-circus\\build\\run.js:71:3)\n    at runAndTransformResultsToJestFormat (C:\\Users\\essra\\Downloads\\CyberSecurity-Project-main\\CyberSecurity-Project-main\\backend\\node_modules\\jest-circus\\build\\legacy-code-todo-rewrite\\jestAdapterInit.js:122:21)\n    at jestAdapter (C:\\Users\\essra\\Downloads\\CyberSecurity-Project-main\\CyberSecurity-Project-main\\backend\\node_modules\\jest-circus\\build\\legacy-code-todo-rewrite\\jestAdapter.js:79:19)\n    at runTestInternal (C:\\Users\\essra\\Downloads\\CyberSecurity-Project-main\\CyberSecurity-Project-main\\backend\\node_modules\\jest-runner\\build\\runTest.js:367:16)\n    at runTest (C:\\Users\\essra\\Downloads\\CyberSecurity-Project-main\\CyberSecurity-Project-main\\backend\\node_modules\\jest-runner\\build\\runTest.js:444:34)\n    at Object.worker (C:\\Users\\essra\\Downloads\\CyberSecurity-Project-main\\CyberSecurity-Project-main\\backend\\node_modules\\jest-runner\\build\\testWorker.js:106:12)","timestamp":"2025-11-29 14:10:36","userId":"123"}
{"level":"error","message":"Simple error","service":"cybersecurity-api","stack":"Error: Simple error\n    at Object.<anonymous> (C:\\Users\\essra\\Downloads\\CyberSecurity-Project-main\\CyberSecurity-Project-main\\backend\\src\\tests\\utils\\logger.test.js:78:21)\n    at Promise.then.completed (C:\\Users\\essra\\Downloads\\CyberSecurity-Project-main\\CyberSecurity-Project-main\\backend\\node_modules\\jest-circus\\build\\utils.js:298:28)\n    at new Promise (<anonymous>)\n    at callAsyncCircusFn (C:\\Users\\essra\\Downloads\\CyberSecurity-Project-main\\CyberSecurity-Project-main\\backend\\node_modules\\jest-circus\\build\\utils.js:231:10)\n    at _callCircusTest (C:\\Users\\essra\\Downloads\\CyberSecurity-Project-main\\CyberSecurity-Project-main\\backend\\node_modules\\jest-circus\\build\\run.js:316:40)\n    at processTicksAndRejections (node:internal/process/task_queues:95:5)\n    at _runTest (C:\\Users\\essra\\Downloads\\CyberSecurity-Project-main\\CyberSecurity-Project-main\\backend\\node_modules\\jest-circus\\build\\run.js:252:3)\n    at _runTestsForDescribeBlock (C:\\Users\\essra\\Downloads\\CyberSecurity-Project-main\\CyberSecurity-Project-main\\backend\\node_modules\\jest-circus\\build\\run.js:126:9)\n    at _runTestsForDescribeBlock (C:\\Users\\essra\\Downloads\\CyberSecurity-Project-main\\CyberSecurity-Project-main\\backend\\node_modules\\jest-circus\\build\\run.js:121:9)\n    at _runTestsForDescribeBlock (C:\\Users\\essra\\Downloads\\CyberSecurity-Project-main\\CyberSecurity-Project-main\\backend\\node_modules\\jest-circus\\build\\run.js:121:9)\n    at run (C:\\Users\\essra\\Downloads\\CyberSecurity-Project-main\\CyberSecurity-Project-main\\backend\\node_modules\\jest-circus\\build\\run.js:71:3)\n    at runAndTransformResultsToJestFormat (C:\\Users\\essra\\Downloads\\CyberSecurity-Project-main\\CyberSecurity-Project-main\\backend\\node_modules\\jest-circus\\build\\legacy-code-todo-rewrite\\jestAdapterInit.js:122:21)\n    at jestAdapter (C:\\Users\\essra\\Downloads\\CyberSecurity-Project-main\\CyberSecurity-Project-main\\backend\\node_modules\\jest-circus\\build\\legacy-code-todo-rewrite\\jestAdapter.js:79:19)\n    at runTestInternal (C:\\Users\\essra\\Downloads\\CyberSecurity-Project-main\\CyberSecurity-Project-main\\backend\\node_modules\\jest-runner\\build\\runTest.js:367:16)\n    at runTest (C:\\Users\\essra\\Downloads\\CyberSecurity-Project-main\\CyberSecurity-Project-main\\backend\\node_modules\\jest-runner\\build\\runTest.js:444:34)\n    at Object.worker (C:\\Users\\essra\\Downloads\\CyberSecurity-Project-main\\CyberSecurity-Project-main\\backend\\node_modules\\jest-runner\\build\\testWorker.js:106:12)","timestamp":"2025-11-29 14:10:36"}
{"attempts":3,"event":"FAILED_LOGIN","ip":"192.168.1.1","level":"warn","message":"Security Event","service":"cybersecurity-api","timestamp":"2025-11-29T13:10:36.217Z","username":"testuser"}
{"event":"SUSPICIOUS_ACTIVITY","level":"warn","message":"Security Event","service":"cybersecurity-api","timestamp":"2025-11-29T13:10:36.221Z"}
{"level":"info","message":"HTTP Request log","service":"cybersecurity-api","timestamp":"2025-11-29 14:10:36"}
{"level":"info","message":"Test message","service":"cybersecurity-api","timestamp":"2025-11-29 14:10:36"}
{"level":"info","message":"Test info message","service":"cybersecurity-api","timestamp":"2025-11-29 14:10:36"}
{"level":"error","message":"Test error message","service":"cybersecurity-api","timestamp":"2025-11-29 14:10:36"}
{"level":"warn","message":"Test warning message","service":"cybersecurity-api","timestamp":"2025-11-29 14:10:36"}
{"ip":"127.0.0.1","level":"info","message":"Test request","method":"GET","service":"cybersecurity-api","timestamp":"2025-11-29 14:13:32","url":"/api/users","userId":"123"}
{"ip":"192.168.1.1","level":"info","message":"HTTP Request","method":"POST","service":"cybersecurity-api","timestamp":"2025-11-29 14:13:32","url":"/api/auth/login"}
{"action":"login","level":"error","message":"Test error","service":"cybersecurity-api","stack":"Error: Test error\n    at Object.<anonymous> (C:\\Users\\essra\\Downloads\\CyberSecurity-Project-main\\CyberSecurity-Project-main\\backend\\src\\tests\\utils\\logger.test.js:69:21)\n    at Promise.then.completed (C:\\Users\\essra\\Downloads\\CyberSecurity-Project-main\\CyberSecurity-Project-main\\backend\\node_modules\\jest-circus\\build\\utils.js:298:28)\n    at new Promise (<anonymous>)\n    at callAsyncCircusFn (C:\\Users\\essra\\Downloads\\CyberSecurity-Project-main\\CyberSecurity-Project-main\\backend\\node_modules\\jest-circus\\build\\utils.js:231:10)\n    at _callCircusTest (C:\\Users\\essra\\Downloads\\CyberSecurity-Project-main\\CyberSecurity-Project-main\\backend\\node_modules\\jest-circus\\build\\run.js:316:40)\n    at processTicksAndRejections (node:internal/process/task_queues:95:5)\n    at _runTest (C:\\Users\\essra\\Downloads\\CyberSecurity-Project-main\\CyberSecurity-Project-main\\backend\\node_modules\\jest-circus\\build\\run.js:252:3)\n    at _runTestsForDescribeBlock (C:\\Users\\essra\\Downloads\\CyberSecurity-Project-main\\CyberSecurity-Project-main\\backend\\node_modules\\jest-circus\\build\\run.js:126:9)\n    at _runTestsForDescribeBlock (C:\\Users\\essra\\Downloads\\CyberSecurity-Project-main\\CyberSecurity-Project-main\\backend\\node_modules\\jest-circus\\build\\run.js:121:9)\n    at _runTestsForDescribeBlock (C:\\Users\\essra\\Downloads\\CyberSecurity-Project-main\\CyberSecurity-Project-main\\backend\\node_modules\\jest-circus\\build\\run.js:121:9)\n    at run (C:\\Users\\essra\\Downloads\\CyberSecurity-Project-main\\CyberSecurity-Project-main\\backend\\node_modules\\jest-circus\\build\\run.js:71:3)\n    at runAndTransformResultsToJestFormat (C:\\Users\\essra\\Downloads\\CyberSecurity-Project-main\\CyberSecurity-Project-main\\backend\\node_modules\\jest-circus\\build\\legacy-code-todo-rewrite\\jestAdapterInit.js:122:21)\n    at jestAdapter (C:\\Users\\essra\\Downloads\\CyberSecurity-Project-main\\CyberSecurity-Project-main\\backend\\node_modules\\jest-circus\\build\\legacy-code-todo-rewrite\\jestAdapter.js:79:19)\n    at runTestInternal (C:\\Users\\essra\\Downloads\\CyberSecurity-Project-main\\CyberSecurity-Project-main\\backend\\node_modules\\jest-runner\\build\\runTest.js:367:16)\n    at runTest (C:\\Users\\essra\\Downloads\\CyberSecurity-Project-main\\CyberSecurity-Project-main\\backend\\node_modules\\jest-runner\\build\\runTest.js:444:34)\n    at Object.worker (C:\\Users\\essra\\Downloads\\CyberSecurity-Project-main\\CyberSecurity-Project-main\\backend\\node_modules\\jest-runner\\build\\testWorker.js:106:12)","timestamp":"2025-11-29 14:13:32","userId":"123"}
{"level":"error","message":"Simple error","service":"cybersecurity-api","stack":"Error: Simple error\n    at Object.<anonymous> (C:\\Users\\essra\\Downloads\\CyberSecurity-Project-main\\CyberSecurity-Project-main\\backend\\src\\tests\\utils\\logger.test.js:78:21)\n    at Promise.then.completed (C:\\Users\\essra\\Downloads\\CyberSecurity-Project-main\\CyberSecurity-Project-main\\backend\\node_modules\\jest-circus\\build\\utils.js:298:28)\n    at new Promise (<anonymous>)\n    at callAsyncCircusFn (C:\\Users\\essra\\Downloads\\CyberSecurity-Project-main\\CyberSecurity-Project-main\\backend\\node_modules\\jest-circus\\build\\utils.js:231:10)\n    at _callCircusTest (C:\\Users\\essra\\Downloads\\CyberSecurity-Project-main\\CyberSecurity-Project-main\\backend\\node_modules\\jest-circus\\build\\run.js:316:40)\n    at processTicksAndRejections (node:internal/process/task_queues:95:5)\n    at _runTest (C:\\Users\\essra\\Downloads\\CyberSecurity-Project-main\\CyberSecurity-Project-main\\backend\\node_modules\\jest-circus\\build\\run.js:252:3)\n    at _runTestsForDescribeBlock (C:\\Users\\essra\\Downloads\\CyberSecurity-Project-main\\CyberSecurity-Project-main\\backend\\node_modules\\jest-circus\\build\\run.js:126:9)\n    at _runTestsForDescribeBlock (C:\\Users\\essra\\Downloads\\CyberSecurity-Project-main\\CyberSecurity-Project-main\\backend\\node_modules\\jest-circus\\build\\run.js:121:9)\n    at _runTestsForDescribeBlock (C:\\Users\\essra\\Downloads\\CyberSecurity-Project-main\\CyberSecurity-Project-main\\backend\\node_modules\\jest-circus\\build\\run.js:121:9)\n    at run (C:\\Users\\essra\\Downloads\\CyberSecurity-Project-main\\CyberSecurity-Project-main\\backend\\node_modules\\jest-circus\\build\\run.js:71:3)\n    at runAndTransformResultsToJestFormat (C:\\Users\\essra\\Downloads\\CyberSecurity-Project-main\\CyberSecurity-Project-main\\backend\\node_modules\\jest-circus\\build\\legacy-code-todo-rewrite\\jestAdapterInit.js:122:21)\n    at jestAdapter (C:\\Users\\essra\\Downloads\\CyberSecurity-Project-main\\CyberSecurity-Project-main\\backend\\node_modules\\jest-circus\\build\\legacy-code-todo-rewrite\\jestAdapter.js:79:19)\n    at runTestInternal (C:\\Users\\essra\\Downloads\\CyberSecurity-Project-main\\CyberSecurity-Project-main\\backend\\node_modules\\jest-runner\\build\\runTest.js:367:16)\n    at runTest (C:\\Users\\essra\\Downloads\\CyberSecurity-Project-main\\CyberSecurity-Project-main\\backend\\node_modules\\jest-runner\\build\\runTest.js:444:34)\n    at Object.worker (C:\\Users\\essra\\Downloads\\CyberSecurity-Project-main\\CyberSecurity-Project-main\\backend\\node_modules\\jest-runner\\build\\testWorker.js:106:12)","timestamp":"2025-11-29 14:13:32"}
{"attempts":3,"event":"FAILED_LOGIN","ip":"192.168.1.1","level":"warn","message":"Security Event","service":"cybersecurity-api","timestamp":"2025-11-29T13:13:32.882Z","username":"testuser"}
{"event":"SUSPICIOUS_ACTIVITY","level":"warn","message":"Security Event","service":"cybersecurity-api","timestamp":"2025-11-29T13:13:32.884Z"}
{"level":"info","message":"HTTP Request log","service":"cybersecurity-api","timestamp":"2025-11-29 14:13:32"}
{"level":"info","message":"Test message","service":"cybersecurity-api","timestamp":"2025-11-29 14:13:32"}
{"level":"info","message":"Test info message","service":"cybersecurity-api","timestamp":"2025-11-29 14:13:32"}
{"level":"error","message":"Test error message","service":"cybersecurity-api","timestamp":"2025-11-29 14:13:32"}
{"level":"warn","message":"Test warning message","service":"cybersecurity-api","timestamp":"2025-11-29 14:13:32"}
